TN:
SF:src/ejercicio-3/cliente-servidor/client.ts
FN:37,<instance_members_initializer>
FN:41,Client
FN:71,getClient
FN:78,add
FN:190,list
FN:209,update
FN:320,read
FN:345,remove
FN:369,sendRequest
FN:376,response
FNF:10
FNH:7
FNDA:1,<instance_members_initializer>
FNDA:1,Client
FNDA:0,getClient
FNDA:1,add
FNDA:1,list
FNDA:1,update
FNDA:1,read
FNDA:1,remove
FNDA:0,sendRequest
FNDA:0,response
DA:1,1
DA:2,1
DA:3,1
DA:4,1
DA:5,1
DA:6,1
DA:7,1
DA:8,1
DA:9,1
DA:10,1
DA:11,1
DA:12,1
DA:13,1
DA:14,1
DA:15,1
DA:16,1
DA:17,1
DA:18,1
DA:19,1
DA:20,1
DA:21,1
DA:22,1
DA:23,1
DA:24,1
DA:25,1
DA:26,1
DA:27,1
DA:28,1
DA:29,1
DA:30,1
DA:31,1
DA:32,1
DA:33,1
DA:34,1
DA:35,1
DA:36,1
DA:37,1
DA:38,1
DA:39,1
DA:40,1
DA:41,1
DA:42,1
DA:43,1
DA:44,1
DA:45,1
DA:46,1
DA:47,1
DA:48,1
DA:49,1
DA:50,1
DA:51,1
DA:52,2
DA:53,2
DA:54,2
DA:55,1
DA:56,1
DA:57,1
DA:58,1
DA:59,1
DA:60,1
DA:61,1
DA:62,1
DA:63,0
DA:64,1
DA:65,1
DA:66,1
DA:67,1
DA:68,1
DA:69,1
DA:70,1
DA:71,1
DA:72,0
DA:73,0
DA:74,1
DA:75,1
DA:76,1
DA:77,1
DA:78,1
DA:79,1
DA:80,1
DA:81,1
DA:82,1
DA:83,1
DA:84,1
DA:85,1
DA:86,1
DA:87,1
DA:88,1
DA:89,1
DA:90,1
DA:91,1
DA:92,1
DA:93,1
DA:94,1
DA:95,1
DA:96,1
DA:97,1
DA:98,1
DA:99,1
DA:100,1
DA:101,1
DA:102,1
DA:103,1
DA:104,1
DA:105,1
DA:106,1
DA:107,1
DA:108,1
DA:109,1
DA:110,1
DA:111,1
DA:112,1
DA:113,1
DA:114,1
DA:115,1
DA:116,1
DA:117,1
DA:118,1
DA:119,1
DA:120,1
DA:121,1
DA:122,1
DA:123,1
DA:124,1
DA:125,1
DA:126,1
DA:127,1
DA:128,1
DA:129,1
DA:130,1
DA:131,1
DA:132,1
DA:133,1
DA:134,1
DA:135,1
DA:136,1
DA:137,0
DA:138,0
DA:139,0
DA:140,0
DA:141,0
DA:142,0
DA:143,0
DA:144,0
DA:145,0
DA:146,0
DA:147,0
DA:148,0
DA:149,0
DA:150,0
DA:151,0
DA:152,0
DA:153,0
DA:154,0
DA:155,0
DA:156,0
DA:157,0
DA:158,0
DA:159,0
DA:160,0
DA:161,0
DA:162,0
DA:163,0
DA:164,0
DA:165,0
DA:166,0
DA:167,0
DA:168,0
DA:169,0
DA:170,0
DA:171,0
DA:172,0
DA:173,0
DA:174,0
DA:175,0
DA:176,0
DA:177,0
DA:178,0
DA:179,0
DA:180,0
DA:181,1
DA:182,1
DA:183,1
DA:184,1
DA:185,1
DA:186,1
DA:187,1
DA:188,1
DA:189,1
DA:190,1
DA:191,1
DA:192,1
DA:193,1
DA:194,1
DA:195,1
DA:196,1
DA:197,1
DA:198,1
DA:199,0
DA:200,0
DA:201,1
DA:202,1
DA:203,1
DA:204,1
DA:205,1
DA:206,1
DA:207,1
DA:208,1
DA:209,1
DA:210,1
DA:211,1
DA:212,1
DA:213,1
DA:214,1
DA:215,1
DA:216,1
DA:217,1
DA:218,1
DA:219,1
DA:220,1
DA:221,1
DA:222,1
DA:223,1
DA:224,1
DA:225,1
DA:226,1
DA:227,1
DA:228,1
DA:229,1
DA:230,1
DA:231,1
DA:232,1
DA:233,1
DA:234,1
DA:235,1
DA:236,1
DA:237,1
DA:238,1
DA:239,1
DA:240,1
DA:241,1
DA:242,1
DA:243,1
DA:244,1
DA:245,1
DA:246,1
DA:247,1
DA:248,1
DA:249,1
DA:250,1
DA:251,1
DA:252,1
DA:253,1
DA:254,1
DA:255,1
DA:256,1
DA:257,1
DA:258,1
DA:259,1
DA:260,1
DA:261,1
DA:262,1
DA:263,1
DA:264,1
DA:265,1
DA:266,1
DA:267,1
DA:268,1
DA:269,0
DA:270,0
DA:271,0
DA:272,0
DA:273,0
DA:274,0
DA:275,0
DA:276,0
DA:277,0
DA:278,0
DA:279,0
DA:280,0
DA:281,0
DA:282,0
DA:283,0
DA:284,0
DA:285,0
DA:286,0
DA:287,0
DA:288,0
DA:289,0
DA:290,0
DA:291,0
DA:292,0
DA:293,0
DA:294,0
DA:295,0
DA:296,0
DA:297,0
DA:298,0
DA:299,0
DA:300,0
DA:301,0
DA:302,0
DA:303,0
DA:304,0
DA:305,0
DA:306,0
DA:307,0
DA:308,0
DA:309,0
DA:310,0
DA:311,0
DA:312,1
DA:313,1
DA:314,1
DA:315,1
DA:316,1
DA:317,1
DA:318,1
DA:319,1
DA:320,1
DA:321,1
DA:322,1
DA:323,1
DA:324,1
DA:325,1
DA:326,1
DA:327,1
DA:328,1
DA:329,1
DA:330,1
DA:331,1
DA:332,1
DA:333,1
DA:334,0
DA:335,0
DA:336,1
DA:337,1
DA:338,1
DA:339,1
DA:340,1
DA:341,1
DA:342,1
DA:343,1
DA:344,1
DA:345,1
DA:346,1
DA:347,1
DA:348,1
DA:349,1
DA:350,1
DA:351,1
DA:352,1
DA:353,1
DA:354,1
DA:355,1
DA:356,1
DA:357,1
DA:358,1
DA:359,0
DA:360,0
DA:361,1
DA:362,1
DA:363,1
DA:364,1
DA:365,1
DA:366,1
DA:367,1
DA:368,1
DA:369,1
DA:370,0
DA:371,0
DA:372,1
DA:373,1
DA:374,1
DA:375,1
DA:376,1
DA:377,0
DA:378,0
DA:379,0
DA:380,0
DA:381,0
DA:382,0
DA:383,0
DA:384,0
DA:385,0
DA:386,0
DA:387,0
DA:388,0
DA:389,0
DA:390,0
DA:391,0
DA:392,0
DA:393,0
DA:394,0
DA:395,0
DA:396,0
DA:397,0
DA:398,0
DA:399,0
DA:400,0
DA:401,0
DA:402,1
DA:403,1
LF:403
LH:280
BRDA:37,0,0,1
BRDA:41,1,0,1
BRDA:51,2,0,2
BRDA:54,3,0,1
BRDA:78,4,0,1
BRDA:190,5,0,1
BRDA:209,6,0,1
BRDA:320,7,0,1
BRDA:345,8,0,1
BRF:9
BRH:9
end_of_record
TN:
SF:src/ejercicio-3/cliente-servidor/server.ts
FN:32,<instance_members_initializer>
FN:35,Server
FN:62,request
FNF:3
FNH:2
FNDA:1,<instance_members_initializer>
FNDA:1,Server
FNDA:0,request
DA:1,1
DA:2,1
DA:3,1
DA:4,1
DA:5,1
DA:6,1
DA:7,1
DA:8,1
DA:9,1
DA:10,1
DA:11,1
DA:12,1
DA:13,1
DA:14,1
DA:15,1
DA:16,1
DA:17,1
DA:18,1
DA:19,1
DA:20,1
DA:21,1
DA:22,1
DA:23,1
DA:24,1
DA:25,1
DA:26,1
DA:27,1
DA:28,1
DA:29,1
DA:30,1
DA:31,1
DA:32,1
DA:33,1
DA:34,1
DA:35,1
DA:36,1
DA:37,1
DA:38,1
DA:39,1
DA:40,1
DA:41,1
DA:42,1
DA:43,1
DA:44,1
DA:45,1
DA:46,1
DA:47,1
DA:48,1
DA:49,1
DA:50,1
DA:51,1
DA:52,1
DA:53,1
DA:54,1
DA:55,1
DA:56,1
DA:57,1
DA:58,1
DA:59,1
DA:60,1
DA:61,1
DA:62,1
DA:63,0
DA:64,0
DA:65,0
DA:66,0
DA:67,0
DA:68,0
DA:69,0
DA:70,0
DA:71,0
DA:72,0
DA:73,0
DA:74,0
DA:75,0
DA:76,0
DA:77,0
DA:78,0
DA:79,0
DA:80,0
DA:81,0
DA:82,0
DA:83,0
DA:84,0
DA:85,0
DA:86,0
DA:87,0
DA:88,0
DA:89,0
DA:90,0
DA:91,0
DA:92,0
DA:93,0
DA:94,0
DA:95,0
DA:96,0
DA:97,0
DA:98,0
DA:99,0
DA:100,0
DA:101,0
DA:102,0
DA:103,0
DA:104,0
DA:105,0
DA:106,0
DA:107,0
DA:108,0
DA:109,0
DA:110,0
DA:111,0
DA:112,0
DA:113,0
DA:114,0
DA:115,0
DA:116,0
DA:117,0
DA:118,0
DA:119,0
DA:120,0
DA:121,0
DA:122,0
DA:123,0
DA:124,0
DA:125,0
DA:126,0
DA:127,0
DA:128,0
DA:129,0
DA:130,0
DA:131,0
DA:132,0
DA:133,0
DA:134,0
DA:135,1
DA:136,1
LF:136
LH:64
BRDA:32,0,0,1
BRDA:35,1,0,1
BRDA:38,2,0,1
BRDA:42,3,0,1
BRDA:53,4,0,1
BRDA:56,5,0,1
BRF:6
BRH:6
end_of_record
TN:
SF:src/ejercicio-3/funko/funko-collection.ts
FN:20,<instance_members_initializer>
FN:31,FunkoCollection
FN:54,addFunko
FN:74,getFunkoId
FN:90,eraseFunko
FN:115,getAllFunkos
FN:128,modifyFunko
FNF:7
FNH:7
FNDA:2,<instance_members_initializer>
FNDA:2,FunkoCollection
FNDA:4,addFunko
FNDA:2,getFunkoId
FNDA:4,eraseFunko
FNDA:1,getAllFunkos
FNDA:2,modifyFunko
DA:1,1
DA:2,1
DA:3,1
DA:4,1
DA:5,1
DA:6,1
DA:7,1
DA:8,1
DA:9,1
DA:10,1
DA:11,1
DA:12,1
DA:13,1
DA:14,1
DA:15,1
DA:16,1
DA:17,1
DA:18,1
DA:19,1
DA:20,1
DA:21,2
DA:22,2
DA:23,2
DA:24,2
DA:25,2
DA:26,2
DA:27,2
DA:28,2
DA:29,2
DA:30,2
DA:31,2
DA:32,2
DA:33,2
DA:34,2
DA:35,1
DA:36,1
DA:37,1
DA:38,1
DA:39,2
DA:40,2
DA:41,2
DA:42,1
DA:43,1
DA:44,1
DA:45,1
DA:46,1
DA:47,2
DA:48,2
DA:49,2
DA:50,2
DA:51,2
DA:52,2
DA:53,2
DA:54,2
DA:55,4
DA:56,4
DA:57,3
DA:58,3
DA:59,3
DA:60,3
DA:61,3
DA:62,4
DA:63,1
DA:64,1
DA:65,1
DA:66,4
DA:67,4
DA:68,2
DA:69,2
DA:70,2
DA:71,2
DA:72,2
DA:73,2
DA:74,2
DA:75,2
DA:76,2
DA:77,1
DA:78,1
DA:79,1
DA:80,1
DA:81,1
DA:82,1
DA:83,1
DA:84,2
DA:85,2
DA:86,2
DA:87,2
DA:88,2
DA:89,2
DA:90,2
DA:91,4
DA:92,4
DA:93,3
DA:94,3
DA:95,4
DA:96,1
DA:97,1
DA:98,1
DA:99,3
DA:100,3
DA:101,3
DA:102,8
DA:103,5
DA:104,5
DA:105,3
DA:106,3
DA:107,3
DA:108,3
DA:109,3
DA:110,2
DA:111,2
DA:112,2
DA:113,2
DA:114,2
DA:115,2
DA:116,1
DA:117,3
DA:118,1
DA:119,1
DA:120,1
DA:121,2
DA:122,2
DA:123,2
DA:124,2
DA:125,2
DA:126,2
DA:127,2
DA:128,2
DA:129,2
DA:130,2
DA:131,1
DA:132,1
DA:133,1
DA:134,1
DA:135,1
DA:136,1
DA:137,1
DA:138,1
DA:139,2
DA:140,2
LF:140
LH:140
BRDA:20,0,0,2
BRDA:31,1,0,2
BRDA:34,2,0,1
BRDA:38,3,0,2
BRDA:54,4,0,4
BRDA:56,5,0,3
BRDA:62,6,0,1
BRDA:74,7,0,2
BRDA:76,8,0,1
BRDA:77,9,0,3
BRDA:90,10,0,4
BRDA:92,11,0,3
BRDA:95,12,0,1
BRDA:99,13,0,3
BRDA:101,14,0,8
BRDA:102,15,0,5
BRDA:115,16,0,1
BRDA:116,17,0,3
BRDA:128,18,0,2
BRDA:130,19,0,1
BRF:20
BRH:20
end_of_record
TN:
SF:src/ejercicio-3/funko/funko.ts
FN:43,<instance_members_initializer>
FN:56,Funko
FN:73,setnombre
FN:81,setTipo
FN:89,setDescripcion
FN:97,setGenero
FN:105,setFranquicia
FN:113,setNumeroFranquicia
FN:121,setExclusivo
FN:129,setCaracteristicasEspeciales
FN:137,setValor
FN:144,get id
FN:151,get nombre
FN:158,get tipo
FN:165,get descripcion
FN:172,get genero
FN:179,get franquicia
FN:186,get numeroFranquicia
FN:193,get exclusivo
FN:200,get caracteristicasEspeciales
FN:207,get valor
FN:215,obtenerJSON
FN:235,imprimirFunko
FNF:23
FNH:23
FNDA:12,<instance_members_initializer>
FNDA:12,Funko
FNDA:1,setnombre
FNDA:1,setTipo
FNDA:1,setDescripcion
FNDA:1,setGenero
FNDA:1,setFranquicia
FNDA:1,setNumeroFranquicia
FNDA:1,setExclusivo
FNDA:1,setCaracteristicasEspeciales
FNDA:1,setValor
FNDA:28,get id
FNDA:14,get nombre
FNDA:14,get tipo
FNDA:14,get descripcion
FNDA:14,get genero
FNDA:14,get franquicia
FNDA:14,get numeroFranquicia
FNDA:14,get exclusivo
FNDA:14,get caracteristicasEspeciales
FNDA:36,get valor
FNDA:6,obtenerJSON
FNDA:6,imprimirFunko
DA:1,1
DA:2,1
DA:3,1
DA:4,1
DA:5,1
DA:6,1
DA:7,1
DA:8,1
DA:9,1
DA:10,1
DA:11,1
DA:12,1
DA:13,1
DA:14,1
DA:15,1
DA:16,1
DA:17,1
DA:18,1
DA:19,1
DA:20,1
DA:21,1
DA:22,1
DA:23,1
DA:24,1
DA:25,1
DA:26,1
DA:27,1
DA:28,1
DA:29,1
DA:30,1
DA:31,1
DA:32,1
DA:33,1
DA:34,1
DA:35,1
DA:36,1
DA:37,1
DA:38,1
DA:39,1
DA:40,1
DA:41,1
DA:42,1
DA:43,1
DA:44,12
DA:45,12
DA:46,12
DA:47,12
DA:48,12
DA:49,12
DA:50,12
DA:51,12
DA:52,12
DA:53,12
DA:54,12
DA:55,12
DA:56,12
DA:57,12
DA:58,12
DA:59,12
DA:60,12
DA:61,12
DA:62,12
DA:63,12
DA:64,12
DA:65,12
DA:66,12
DA:67,12
DA:68,12
DA:69,12
DA:70,12
DA:71,12
DA:72,12
DA:73,12
DA:74,1
DA:75,1
DA:76,12
DA:77,12
DA:78,12
DA:79,12
DA:80,12
DA:81,12
DA:82,1
DA:83,1
DA:84,12
DA:85,12
DA:86,12
DA:87,12
DA:88,12
DA:89,12
DA:90,1
DA:91,1
DA:92,12
DA:93,12
DA:94,12
DA:95,12
DA:96,12
DA:97,12
DA:98,1
DA:99,1
DA:100,12
DA:101,12
DA:102,12
DA:103,12
DA:104,12
DA:105,12
DA:106,1
DA:107,1
DA:108,12
DA:109,12
DA:110,12
DA:111,12
DA:112,12
DA:113,12
DA:114,1
DA:115,1
DA:116,12
DA:117,12
DA:118,12
DA:119,12
DA:120,12
DA:121,12
DA:122,1
DA:123,1
DA:124,12
DA:125,12
DA:126,12
DA:127,12
DA:128,12
DA:129,12
DA:130,1
DA:131,1
DA:132,12
DA:133,12
DA:134,12
DA:135,12
DA:136,12
DA:137,12
DA:138,1
DA:139,1
DA:140,12
DA:141,12
DA:142,12
DA:143,12
DA:144,12
DA:145,28
DA:146,28
DA:147,12
DA:148,12
DA:149,12
DA:150,12
DA:151,12
DA:152,14
DA:153,14
DA:154,12
DA:155,12
DA:156,12
DA:157,12
DA:158,12
DA:159,14
DA:160,14
DA:161,12
DA:162,12
DA:163,12
DA:164,12
DA:165,12
DA:166,14
DA:167,14
DA:168,12
DA:169,12
DA:170,12
DA:171,12
DA:172,12
DA:173,14
DA:174,14
DA:175,12
DA:176,12
DA:177,12
DA:178,12
DA:179,12
DA:180,14
DA:181,14
DA:182,12
DA:183,12
DA:184,12
DA:185,12
DA:186,12
DA:187,14
DA:188,14
DA:189,12
DA:190,12
DA:191,12
DA:192,12
DA:193,12
DA:194,14
DA:195,14
DA:196,12
DA:197,12
DA:198,12
DA:199,12
DA:200,12
DA:201,14
DA:202,14
DA:203,12
DA:204,12
DA:205,12
DA:206,12
DA:207,12
DA:208,36
DA:209,36
DA:210,12
DA:211,12
DA:212,12
DA:213,12
DA:214,12
DA:215,12
DA:216,6
DA:217,6
DA:218,6
DA:219,6
DA:220,6
DA:221,6
DA:222,6
DA:223,6
DA:224,6
DA:225,6
DA:226,6
DA:227,6
DA:228,6
DA:229,6
DA:230,12
DA:231,12
DA:232,12
DA:233,12
DA:234,12
DA:235,12
DA:236,6
DA:237,6
DA:238,6
DA:239,6
DA:240,6
DA:241,6
DA:242,6
DA:243,6
DA:244,6
DA:245,6
DA:246,6
DA:247,1
DA:248,6
DA:249,2
DA:250,5
DA:251,1
DA:252,3
DA:253,2
DA:254,2
DA:255,6
DA:256,6
DA:257,6
DA:258,6
DA:259,12
LF:259
LH:259
BRDA:19,0,0,1
BRDA:30,1,0,1
BRDA:43,2,0,12
BRDA:56,3,0,12
BRDA:73,4,0,1
BRDA:81,5,0,1
BRDA:89,6,0,1
BRDA:97,7,0,1
BRDA:105,8,0,1
BRDA:113,9,0,1
BRDA:121,10,0,1
BRDA:129,11,0,1
BRDA:137,12,0,1
BRDA:144,13,0,28
BRDA:151,14,0,14
BRDA:158,15,0,14
BRDA:165,16,0,14
BRDA:172,17,0,14
BRDA:179,18,0,14
BRDA:186,19,0,14
BRDA:193,20,0,14
BRDA:200,21,0,14
BRDA:207,22,0,36
BRDA:215,23,0,6
BRDA:235,24,0,6
BRDA:246,25,0,1
BRDA:248,26,0,5
BRDA:248,27,0,2
BRDA:250,28,0,3
BRDA:250,29,0,1
BRDA:252,30,0,2
BRF:31
BRH:31
end_of_record
TN:
SF:src/modif/server-modif.ts
FN:17,<instance_members_initializer>
FN:19,MessageEventEmitterServer
FN:40,command
FNF:3
FNH:2
FNDA:1,<instance_members_initializer>
FNDA:1,MessageEventEmitterServer
FNDA:0,command
DA:1,1
DA:2,1
DA:3,1
DA:4,1
DA:5,1
DA:6,1
DA:7,1
DA:8,1
DA:9,1
DA:10,1
DA:11,1
DA:12,1
DA:13,1
DA:14,1
DA:15,1
DA:16,1
DA:17,1
DA:18,1
DA:19,1
DA:20,1
DA:21,1
DA:22,1
DA:23,1
DA:24,1
DA:25,1
DA:26,1
DA:27,1
DA:28,1
DA:29,1
DA:30,1
DA:31,1
DA:32,1
DA:33,1
DA:34,1
DA:35,1
DA:36,1
DA:37,1
DA:38,1
DA:39,1
DA:40,1
DA:41,0
DA:42,0
DA:43,0
DA:44,0
DA:45,0
DA:46,0
DA:47,0
DA:48,0
DA:49,0
DA:50,0
DA:51,0
DA:52,0
DA:53,0
DA:54,0
DA:55,0
DA:56,0
DA:57,0
DA:58,1
LF:58
LH:41
BRDA:17,0,0,1
BRDA:19,1,0,1
BRDA:21,2,0,1
BRDA:25,3,0,1
BRDA:35,4,0,1
BRF:5
BRH:5
end_of_record
